#! /usr/bin/vvp
:ivl_version "10.1 (stable)";
:ivl_delay_selection "TYPICAL";
:vpi_time_precision - 12;
:vpi_module "system";
:vpi_module "vhdl_sys";
:vpi_module "v2005_math";
:vpi_module "va_math";
S_0x560b02eb8e00 .scope module, "iiitb_sfifo_tb" "iiitb_sfifo_tb" 2 3;
 .timescale -9 -12;
v0x560b02ed99e0_0 .var "CLK", 0 0;
v0x560b02ed9aa0_0 .var "RSTn", 0 0;
v0x560b02ed9b40_0 .net "empty", 0 0, L_0x560b02eda780;  1 drivers
v0x560b02ed9be0_0 .net "full", 0 0, L_0x560b02eda620;  1 drivers
v0x560b02ed9c80_0 .var "iData", 7 0;
v0x560b02ed9d20_0 .net "oData", 7 0, L_0x560b02eda8b0;  1 drivers
v0x560b02ed9df0_0 .var "read", 0 0;
v0x560b02ed9ec0_0 .var "write", 0 0;
S_0x560b02eb8f80 .scope module, "fifo" "iiitb_sfifo" 2 75, 3 3 0, S_0x560b02eb8e00;
 .timescale -9 -12;
    .port_info 0 /INPUT 1 "CLK"
    .port_info 1 /INPUT 1 "RSTn"
    .port_info 2 /INPUT 1 "write"
    .port_info 3 /INPUT 1 "read"
    .port_info 4 /INPUT 8 "iData"
    .port_info 5 /OUTPUT 8 "oData"
    .port_info 6 /OUTPUT 1 "full"
    .port_info 7 /OUTPUT 1 "empty"
L_0x560b02eda510 .functor AND 1, L_0x560b02eda090, L_0x560b02eda3d0, C4<1>, C4<1>;
L_0x560b02eda620 .functor XOR 1, L_0x560b02ed9f90, L_0x560b02eda510, C4<0>, C4<0>;
L_0x560b02eda8b0 .functor BUFZ 8, v0x560b02ed94c0_0, C4<00000000>, C4<00000000>, C4<00000000>;
v0x560b02eb7350_0 .net "CLK", 0 0, v0x560b02ed99e0_0;  1 drivers
v0x560b02eb73f0 .array "RAM", 0 15, 7 0;
v0x560b02eb8040_0 .net "RSTn", 0 0, v0x560b02ed9aa0_0;  1 drivers
v0x560b02eb8110_0 .net *"_s1", 0 0, L_0x560b02ed9f90;  1 drivers
v0x560b02ed8cf0_0 .net *"_s10", 0 0, L_0x560b02eda510;  1 drivers
v0x560b02ed8e20_0 .net *"_s3", 0 0, L_0x560b02eda090;  1 drivers
v0x560b02ed8f00_0 .net *"_s5", 3 0, L_0x560b02eda190;  1 drivers
v0x560b02ed8fe0_0 .net *"_s7", 3 0, L_0x560b02eda2b0;  1 drivers
v0x560b02ed90c0_0 .net *"_s8", 0 0, L_0x560b02eda3d0;  1 drivers
v0x560b02ed9180_0 .net "empty", 0 0, L_0x560b02eda780;  alias, 1 drivers
v0x560b02ed9240_0 .net "full", 0 0, L_0x560b02eda620;  alias, 1 drivers
v0x560b02ed9300_0 .net "iData", 7 0, v0x560b02ed9c80_0;  1 drivers
v0x560b02ed93e0_0 .net "oData", 7 0, L_0x560b02eda8b0;  alias, 1 drivers
v0x560b02ed94c0_0 .var "oData_reg", 7 0;
v0x560b02ed95a0_0 .net "read", 0 0, v0x560b02ed9df0_0;  1 drivers
v0x560b02ed9660_0 .var "rp", 4 0;
v0x560b02ed9740_0 .var "wp", 4 0;
v0x560b02ed9820_0 .net "write", 0 0, v0x560b02ed9ec0_0;  1 drivers
E_0x560b02ea8090/0 .event negedge, v0x560b02eb8040_0;
E_0x560b02ea8090/1 .event posedge, v0x560b02eb7350_0;
E_0x560b02ea8090 .event/or E_0x560b02ea8090/0, E_0x560b02ea8090/1;
L_0x560b02ed9f90 .part v0x560b02ed9740_0, 4, 1;
L_0x560b02eda090 .part v0x560b02ed9660_0, 4, 1;
L_0x560b02eda190 .part v0x560b02ed9740_0, 0, 4;
L_0x560b02eda2b0 .part v0x560b02ed9660_0, 0, 4;
L_0x560b02eda3d0 .cmp/eq 4, L_0x560b02eda190, L_0x560b02eda2b0;
L_0x560b02eda780 .cmp/eq 5, v0x560b02ed9740_0, v0x560b02ed9660_0;
    .scope S_0x560b02eb8f80;
T_0 ;
    %wait E_0x560b02ea8090;
    %load/vec4 v0x560b02eb8040_0;
    %nor/r;
    %flag_set/vec4 8;
    %jmp/0xz  T_0.0, 8;
    %pushi/vec4 0, 0, 5;
    %assign/vec4 v0x560b02ed9740_0, 0;
    %pushi/vec4 0, 0, 5;
    %assign/vec4 v0x560b02ed9660_0, 0;
    %pushi/vec4 0, 0, 8;
    %assign/vec4 v0x560b02ed94c0_0, 0;
    %jmp T_0.1;
T_0.0 ;
    %load/vec4 v0x560b02ed9820_0;
    %flag_set/vec4 8;
    %jmp/0xz  T_0.2, 8;
    %load/vec4 v0x560b02ed9300_0;
    %load/vec4 v0x560b02ed9740_0;
    %parti/s 4, 0, 2;
    %pad/u 6;
    %ix/vec4 3;
    %ix/load 4, 0, 0; Constant delay
    %assign/vec4/a/d v0x560b02eb73f0, 0, 4;
    %load/vec4 v0x560b02ed9740_0;
    %addi 1, 0, 5;
    %assign/vec4 v0x560b02ed9740_0, 0;
    %jmp T_0.3;
T_0.2 ;
    %load/vec4 v0x560b02ed95a0_0;
    %flag_set/vec4 8;
    %jmp/0xz  T_0.4, 8;
    %load/vec4 v0x560b02ed9660_0;
    %parti/s 4, 0, 2;
    %pad/u 6;
    %ix/vec4 4;
    %load/vec4a v0x560b02eb73f0, 4;
    %assign/vec4 v0x560b02ed94c0_0, 0;
    %load/vec4 v0x560b02ed9660_0;
    %addi 1, 0, 5;
    %assign/vec4 v0x560b02ed9660_0, 0;
T_0.4 ;
T_0.3 ;
T_0.1 ;
    %jmp T_0;
    .thread T_0;
    .scope S_0x560b02eb8e00;
T_1 ;
    %pushi/vec4 0, 0, 1;
    %store/vec4 v0x560b02ed9df0_0, 0, 1;
    %pushi/vec4 0, 0, 1;
    %store/vec4 v0x560b02ed9aa0_0, 0, 1;
    %pushi/vec4 0, 0, 1;
    %store/vec4 v0x560b02ed9ec0_0, 0, 1;
    %pushi/vec4 0, 0, 8;
    %store/vec4 v0x560b02ed9c80_0, 0, 8;
    %pushi/vec4 0, 0, 1;
    %assign/vec4 v0x560b02ed99e0_0, 0;
T_1.0 ;
    %delay 100000, 0;
    %load/vec4 v0x560b02ed99e0_0;
    %inv;
    %assign/vec4 v0x560b02ed99e0_0, 0;
    %jmp T_1.0;
    %end;
    .thread T_1;
    .scope S_0x560b02eb8e00;
T_2 ;
    %delay 15000, 0;
    %pushi/vec4 1, 0, 1;
    %store/vec4 v0x560b02ed9aa0_0, 0, 1;
    %end;
    .thread T_2;
    .scope S_0x560b02eb8e00;
T_3 ;
    %wait E_0x560b02ea8090;
    %load/vec4 v0x560b02ed9c80_0;
    %addi 1, 0, 8;
    %assign/vec4 v0x560b02ed9c80_0, 0;
    %jmp T_3;
    .thread T_3;
    .scope S_0x560b02eb8e00;
T_4 ;
    %wait E_0x560b02ea8090;
    %load/vec4 v0x560b02ed9aa0_0;
    %nor/r;
    %flag_set/vec4 8;
    %jmp/0xz  T_4.0, 8;
    %pushi/vec4 0, 0, 1;
    %store/vec4 v0x560b02ed9ec0_0, 0, 1;
    %pushi/vec4 0, 0, 1;
    %store/vec4 v0x560b02ed9df0_0, 0, 1;
    %jmp T_4.1;
T_4.0 ;
    %load/vec4 v0x560b02ed9be0_0;
    %nor/r;
    %flag_set/vec4 8;
    %jmp/0xz  T_4.2, 8;
    %pushi/vec4 1, 0, 1;
    %store/vec4 v0x560b02ed9ec0_0, 0, 1;
    %jmp T_4.3;
T_4.2 ;
    %load/vec4 v0x560b02ed9b40_0;
    %nor/r;
    %flag_set/vec4 8;
    %jmp/0xz  T_4.4, 8;
    %pushi/vec4 1, 0, 1;
    %store/vec4 v0x560b02ed9df0_0, 0, 1;
    %jmp T_4.5;
T_4.4 ;
    %pushi/vec4 0, 0, 1;
    %store/vec4 v0x560b02ed9ec0_0, 0, 1;
    %pushi/vec4 1, 0, 1;
    %store/vec4 v0x560b02ed9df0_0, 0, 1;
T_4.5 ;
T_4.3 ;
T_4.1 ;
    %jmp T_4;
    .thread T_4;
    .scope S_0x560b02eb8e00;
T_5 ;
    %vpi_call 2 85 "$dumpfile", "dump.vcd" {0 0 0};
    %vpi_call 2 86 "$dumpvars" {0 0 0};
    %end;
    .thread T_5;
    .scope S_0x560b02eb8e00;
T_6 ;
    %delay 20000000, 0;
    %vpi_call 2 89 "$finish" {0 0 0};
    %end;
    .thread T_6;
# The file index is used to find the file name in the following table.
:file_names 4;
    "N/A";
    "<interactive>";
    "iiitb_sfifo_tb.v";
    "iiitb_sfifo.v";
